<?xml version="1.0" encoding="UTF-8"?>
<!-- Generated by org.testng.reporters.JUnitXMLReporter -->
<testsuite hostname="Raghavs-MacBook-Pro.local" ignored="0" name="Default test" tests="4" failures="0" timestamp="18 May 2019 11:08:28 GMT" time="68.439" errors="0">
  <testcase name="sampleTest" time="0.011" classname="tests.BaseClass"/>
  <testcase name="loginTest" time="22.599" classname="tests.Tests"/>
  <testcase name="testOne" time="13.117" classname="tests.Tests"/>
  <testcase name="testTwo" time="12.734" classname="tests.Tests"/>
</testsuite> <!-- Default test -->
